<?xml version="1.0" encoding="UTF-8"?>
<!-- Generated by org.testng.reporters.JUnitReportReporter -->
<testsuite skipped="0" hostname="DESKTOP-UBQJ9QQ" name="test.java.Demo" tests="1" failures="0" timestamp="15 May 2020 07:15:31 GMT" time="26.692" errors="0">
  <testcase name="test" time="26.692" classname="test.java.Demo"/>
</testsuite> <!-- test.java.Demo -->
